<?xml version="1.0" encoding="UTF-8"?>
<!-- Generated by org.testng.reporters.JUnitReportReporter -->
<testsuite skipped="0" hostname="DESKTOP-1JBSV59" name="com.assignment.pageobjectmodel.tests.UpdateTest" tests="1" failures="0" timestamp="2020-09-10T17:59:34 IST" time="13.810" errors="0">
  <testcase name="update" time="13.810" classname="com.assignment.pageobjectmodel.tests.UpdateTest"/>
  <system-out/>
</testsuite> <!-- com.assignment.pageobjectmodel.tests.UpdateTest -->
