<?xml version="1.0" encoding="UTF-8"?>
<!-- Generated by org.testng.reporters.JUnitReportReporter -->
<testsuite skipped="0" hostname="DESKTOP-1JBSV59" name="com.assignment.pageobjectmodel.tests.ProductTest" tests="1" failures="0" timestamp="2020-09-13T17:40:35 IST" time="0.735" errors="0">
  <testcase name="shop" time="0.735" classname="com.assignment.pageobjectmodel.tests.ProductTest"/>
  <system-out/>
</testsuite> <!-- com.assignment.pageobjectmodel.tests.ProductTest -->
